<?xml version="1.0" encoding="UTF-8"?>
<testng-results ignored="0" total="2" passed="2" failed="0" skipped="0">
  <reporter-output>
  </reporter-output>
  <suite started-at="2022-09-28T10:07:18 IST" name="Default suite" finished-at="2022-09-28T10:07:18 IST" duration-ms="128">
    <groups>
    </groups>
    <test started-at="2022-09-28T10:07:18 IST" name="Default test" finished-at="2022-09-28T10:07:18 IST" duration-ms="128">
      <class name="testng.DomesticAnimals1">
        <test-method is-config="true" signature="welcome()[pri:0, instance:testng.DomesticAnimals1@702b8b12]" started-at="2022-09-28T10:07:18 IST" name="welcome" finished-at="2022-09-28T10:07:18 IST" duration-ms="16" status="PASS">
          <reporter-output>
          </reporter-output>
        </test-method> <!-- welcome -->
        <test-method signature="dog()[pri:1, instance:testng.DomesticAnimals1@702b8b12]" started-at="2022-09-28T10:07:18 IST" name="dog" finished-at="2022-09-28T10:07:18 IST" duration-ms="9" status="PASS">
          <reporter-output>
          </reporter-output>
        </test-method> <!-- dog -->
        <test-method signature="cow()[pri:2, instance:testng.DomesticAnimals1@702b8b12]" started-at="2022-09-28T10:07:18 IST" name="cow" finished-at="2022-09-28T10:07:18 IST" duration-ms="3" status="PASS">
          <reporter-output>
          </reporter-output>
        </test-method> <!-- cow -->
        <test-method is-config="true" signature="visitagain()[pri:0, instance:testng.DomesticAnimals1@702b8b12]" started-at="2022-09-28T10:07:18 IST" name="visitagain" finished-at="2022-09-28T10:07:18 IST" duration-ms="2" status="PASS">
          <reporter-output>
          </reporter-output>
        </test-method> <!-- visitagain -->
      </class> <!-- testng.DomesticAnimals1 -->
    </test> <!-- Default test -->
  </suite> <!-- Default suite -->
</testng-results>
