<?xml version="1.0" encoding="UTF-8"?>
<!-- Generated by org.testng.reporters.JUnitXMLReporter -->
<testsuite ignored="0" hostname="LAPTOP-FK7PN1QP" failures="0" tests="4" name="DomesticAnimals" time="0.16" errors="0" timestamp="2022-09-27T19:33:16 IST">
  <testcase classname="testng.DomesticAnimals2" name="hen" time="0.01"/>
  <testcase classname="testng.DomesticAnimals2" name="cat" time="0.005"/>
  <testcase classname="testng.DomesticAnimals1" name="dog" time="0.005"/>
  <testcase classname="testng.DomesticAnimals1" name="cow" time="0.007"/>
</testsuite> <!-- DomesticAnimals -->
