<?xml version="1.0" encoding="UTF-8"?>
<!-- Generated by org.testng.reporters.JUnitXMLReporter -->
<testsuite ignored="0" hostname="LAPTOP-FK7PN1QP" failures="0" tests="8" name="Test" time="0.112" errors="0" timestamp="2022-09-27T18:28:03 IST">
  <testcase classname="testng.DomesticAnimals2" name="hen" time="0.015"/>
  <testcase classname="testng.DomesticAnimals2" name="cat" time="0.002"/>
  <testcase classname="testng.DomesticAnimals1" name="dog" time="0.002"/>
  <testcase classname="testng.DomesticAnimals1" name="cow" time="0.002"/>
  <testcase classname="testng.WildAnimals2" name="hen" time="0.002"/>
  <testcase classname="testng.WildAnimals2" name="cat" time="0.001"/>
  <testcase classname="testng.WildAnimals1" name="lion" time="0.001"/>
  <testcase classname="testng.WildAnimals1" name="tiger" time="0.001"/>
</testsuite> <!-- Test -->
