<?xml version="1.0" encoding="UTF-8"?>
<!-- Generated by org.testng.reporters.JUnitXMLReporter -->
<testsuite ignored="0" hostname="LAPTOP-FK7PN1QP" failures="0" tests="4" name="WildAnimals" time="0.087" errors="0" timestamp="2022-09-27T19:33:16 IST">
  <testcase classname="testng.WildAnimals2" name="hen" time="0.005"/>
  <testcase classname="testng.WildAnimals2" name="cat" time="0.006"/>
  <testcase classname="testng.WildAnimals1" name="lion" time="0.009"/>
  <testcase classname="testng.WildAnimals1" name="tiger" time="0.003"/>
</testsuite> <!-- WildAnimals -->
