<?xml version="1.0" encoding="UTF-8"?>
<testng-results ignored="0" total="1" passed="1" failed="0" skipped="0">
  <reporter-output>
  </reporter-output>
  <suite started-at="2022-11-14T18:10:44 IST" name="Default suite" finished-at="2022-11-14T18:10:59 IST" duration-ms="15366">
    <groups>
    </groups>
    <test started-at="2022-11-14T18:10:44 IST" name="Default test" finished-at="2022-11-14T18:10:59 IST" duration-ms="15366">
      <class name="Practice.Youtube">
        <test-method is-config="true" signature="setup()[pri:0, instance:Practice.Youtube@35aea049]" started-at="2022-11-14T18:10:44 IST" name="setup" finished-at="2022-11-14T18:10:57 IST" duration-ms="13558" status="PASS">
          <reporter-output>
          </reporter-output>
        </test-method> <!-- setup -->
        <test-method signature="SearchBox()[pri:0, instance:Practice.Youtube@35aea049]" started-at="2022-11-14T18:10:58 IST" name="SearchBox" finished-at="2022-11-14T18:10:59 IST" duration-ms="1648" status="PASS">
          <reporter-output>
          </reporter-output>
        </test-method> <!-- SearchBox -->
      </class> <!-- Practice.Youtube -->
    </test> <!-- Default test -->
  </suite> <!-- Default suite -->
</testng-results>
